#
# A fatal error has been detected by the Java Runtime Environment:
#
#  Internal Error (javaClasses.cpp:129), pid=2896, tid=2120
#  fatal error: Invalid layout of preloaded class
#
# JRE version: 7.0_25-b17
# Java VM: Java HotSpot(TM) Client VM (23.25-b01 mixed mode windows-x86 )
# Failed to write core dump. Minidumps are not enabled by default on client versions of Windows
#
# If you would like to submit a bug report, please visit:
#   http://bugreport.sun.com/bugreport/crash.jsp
#

---------------  T H R E A D  ---------------

Current thread (0x0058a800):  JavaThread "Unknown thread" [_thread_in_vm, id=2120, stack(0x008e0000,0x00930000)]

Stack: [0x008e0000,0x00930000],  sp=0x0092f940,  free space=318k
Native frames: (J=compiled Java code, j=interpreted, Vv=VM code, C=native code)
V  [jvm.dll+0x167e31]
V  [jvm.dll+0x1620f6]
V  [jvm.dll+0x1f92f]
V  [jvm.dll+0x1f9b6]
V  [jvm.dll+0x2cffd]
V  [jvm.dll+0x2d2a9]
V  [jvm.dll+0x75351]
V  [jvm.dll+0x7570b]
V  [jvm.dll+0x123881]
V  [jvm.dll+0x1439cc]
V  [jvm.dll+0xa619f]
C  [javaw.exe+0x13ca]
C  [javaw.exe+0x1e3c]
C  [javaw.exe+0xa5b1]
C  [javaw.exe+0xa63b]
C  [kernel32.dll+0x4ed5c]  BaseThreadInitThunk+0x12
C  [ntdll.dll+0x6377b]  RtlInitializeExceptionChain+0xef
C  [ntdll.dll+0x6374e]  RtlInitializeExceptionChain+0xc2


---------------  P R O C E S S  ---------------

Java Threads: ( => current thread )

Other Threads:

=>0x0058a800 (exited) JavaThread "Unknown thread" [_thread_in_vm, id=2120, stack(0x008e0000,0x00930000)]

VM state:not at safepoint (not fully initialized)

VM Mutex/Monitor currently owned by a thread: None

GC Heap History (0 events):
No events

Deoptimization events (0 events):
No events

Internal exceptions (0 events):
No events

Events (10 events):
Event: 0.010 loading class 0x01656460 done
Event: 0.010 loading class 0x01655d60 done
Event: 0.010 loading class 0x01655d38
Event: 0.010 loading class 0x016cf6e8
Event: 0.010 loading class 0x016cf6e8 done
Event: 0.010 loading class 0x016cf720
Event: 0.010 loading class 0x016cf720 done
Event: 0.010 loading class 0x016c4918
Event: 0.010 loading class 0x016c4918 done
Event: 0.010 loading class 0x01655d38 done


Dynamic libraries:
0x00a10000 - 0x00a3f000 	C:\Program Files\Java\jre7\bin\javaw.exe
0x77c80000 - 0x77dbc000 	C:\Windows\SYSTEM32\ntdll.dll
0x774e0000 - 0x775b4000 	C:\Windows\system32\kernel32.dll
0x75ca0000 - 0x75ceb000 	C:\Windows\system32\KERNELBASE.dll
0x76c10000 - 0x76cb0000 	C:\Windows\system32\ADVAPI32.dll
0x76de0000 - 0x76e8c000 	C:\Windows\system32\msvcrt.dll
0x769e0000 - 0x769f9000 	C:\Windows\SYSTEM32\sechost.dll
0x76a00000 - 0x76aa2000 	C:\Windows\system32\RPCRT4.dll
0x76e90000 - 0x76f59000 	C:\Windows\system32\USER32.dll
0x779d0000 - 0x77a1e000 	C:\Windows\system32\GDI32.dll
0x75d80000 - 0x75d8a000 	C:\Windows\system32\LPK.dll
0x77dc0000 - 0x77e5d000 	C:\Windows\system32\USP10.dll
0x74660000 - 0x747fe000 	C:\Windows\WinSxS\x86_microsoft.windows.common-controls_6595b64144ccf1df_6.0.7601.17514_none_41e6975e2bd6f2b2\COMCTL32.dll
0x77c20000 - 0x77c77000 	C:\Windows\system32\SHLWAPI.dll
0x773e0000 - 0x773ff000 	C:\Windows\system32\IMM32.DLL
0x772e0000 - 0x773ac000 	C:\Windows\system32\MSCTF.dll
0x6a440000 - 0x6a4fe000 	C:\Program Files\Java\jre7\bin\msvcr100.dll
0x6aa00000 - 0x6ad42000 	C:\Program Files\Java\jre7\bin\client\jvm.dll
0x6d880000 - 0x6d887000 	C:\Windows\system32\WSOCK32.dll
0x774a0000 - 0x774d5000 	C:\Windows\system32\WS2_32.dll
0x75d70000 - 0x75d76000 	C:\Windows\system32\NSI.dll
0x75c50000 - 0x75c82000 	C:\Windows\system32\WINMM.dll
0x77400000 - 0x77405000 	C:\Windows\system32\PSAPI.DLL
0x6d870000 - 0x6d87c000 	C:\Program Files\Java\jre7\bin\verify.dll
0x6b380000 - 0x6b3a0000 	C:\Program Files\Java\jre7\bin\java.dll
0x6b410000 - 0x6b423000 	C:\Program Files\Java\jre7\bin\zip.dll
0x70e20000 - 0x70f0b000 	C:\Windows\system32\dbghelp.dll

VM Arguments:
jvm_args: -Dfile.encoding=GBK -Xbootclasspath:C:\Program Files\Android\adt-bundle-windows-x86-20130522\sdk\platforms\android-19\android.jar 
java_command: com.lucas.shakepicture.datastructure.SwingList
Launcher Type: SUN_STANDARD

Environment Variables:
PATH=C:/Program Files/Java/jre7/bin/client;C:/Program Files/Java/jre7/bin;C:/Program Files/Java/jre7/lib/i386;C:\Program Files\NVIDIA Corporation\PhysX\Common;D:\python\;C:\Windows\system32;C:\Windows;C:\Windows\System32\Wbem;C:\Windows\System32\WindowsPowerShell\v1.0\;C:\Program Files\Intel\OpenCL SDK\2.0\bin\x86;C:\Program Files\Android\adt-bundle-windows-x86-20130522\sdk\platform-tools;D:\AndroidTools;C:\Program Files\Android\adt-bundle-windows-x86-20130522\eclipse;
USERNAME=Lucas
OS=Windows_NT
PROCESSOR_IDENTIFIER=x86 Family 6 Model 42 Stepping 7, GenuineIntel



---------------  S Y S T E M  ---------------

OS: Windows 7 Build 7601 Service Pack 1

CPU:total 2 (2 cores per cpu, 1 threads per core) family 6 model 42 stepping 7, cmov, cx8, fxsr, mmx, sse, sse2, sse3, ssse3, sse4.1, sse4.2, popcnt, tsc, tscinvbit

Memory: 4k page, physical 3552312k(2111356k free), swap 7102872k(5573388k free)

vm_info: Java HotSpot(TM) Client VM (23.25-b01) for windows-x86 JRE (1.7.0_25-b17), built on Jun 21 2013 13:06:48 by "java_re" with unknown MS VC++:1600

time: Sun Aug 31 16:52:56 2014
elapsed time: 0 seconds

