#
# A fatal error has been detected by the Java Runtime Environment:
#
#  Internal Error (javaClasses.cpp:129), pid=4632, tid=2452
#  fatal error: Invalid layout of preloaded class
#
# JRE version: 7.0_25-b17
# Java VM: Java HotSpot(TM) Client VM (23.25-b01 mixed mode windows-x86 )
# Failed to write core dump. Minidumps are not enabled by default on client versions of Windows
#
# If you would like to submit a bug report, please visit:
#   http://bugreport.sun.com/bugreport/crash.jsp
#

---------------  T H R E A D  ---------------

Current thread (0x0038ac00):  JavaThread "Unknown thread" [_thread_in_vm, id=2452, stack(0x00990000,0x009e0000)]

Stack: [0x00990000,0x009e0000],  sp=0x009dfa0c,  free space=318k
Native frames: (J=compiled Java code, j=interpreted, Vv=VM code, C=native code)
V  [jvm.dll+0x167e31]
V  [jvm.dll+0x1620f6]
V  [jvm.dll+0x1f92f]
V  [jvm.dll+0x1f9b6]
V  [jvm.dll+0x2cffd]
V  [jvm.dll+0x2d2a9]
V  [jvm.dll+0x75351]
V  [jvm.dll+0x7570b]
V  [jvm.dll+0x123881]
V  [jvm.dll+0x1439cc]
V  [jvm.dll+0xa619f]
C  [javaw.exe+0x13ca]
C  [javaw.exe+0x1e3c]
C  [javaw.exe+0xa5b1]
C  [javaw.exe+0xa63b]
C  [kernel32.dll+0x4ed5c]  BaseThreadInitThunk+0x12
C  [ntdll.dll+0x6377b]  RtlInitializeExceptionChain+0xef
C  [ntdll.dll+0x6374e]  RtlInitializeExceptionChain+0xc2


---------------  P R O C E S S  ---------------

Java Threads: ( => current thread )

Other Threads:

=>0x0038ac00 (exited) JavaThread "Unknown thread" [_thread_in_vm, id=2452, stack(0x00990000,0x009e0000)]

VM state:not at safepoint (not fully initialized)

VM Mutex/Monitor currently owned by a thread: None

GC Heap History (0 events):
No events

Deoptimization events (0 events):
No events

Internal exceptions (0 events):
No events

Events (10 events):
Event: 0.086 loading class 0x009f6c18 done
Event: 0.086 loading class 0x009f5da8 done
Event: 0.086 loading class 0x009f5d80
Event: 0.087 loading class 0x00a6f8f8
Event: 0.087 loading class 0x00a6f8f8 done
Event: 0.087 loading class 0x00a6f930
Event: 0.087 loading class 0x00a6f930 done
Event: 0.087 loading class 0x00a64c10
Event: 0.087 loading class 0x00a64c10 done
Event: 0.087 loading class 0x009f5d80 done


Dynamic libraries:
0x00fd0000 - 0x00fff000 	C:\Program Files\Java\jre7\bin\javaw.exe
0x77270000 - 0x773ac000 	C:\Windows\SYSTEM32\ntdll.dll
0x76f30000 - 0x77004000 	C:\Windows\system32\kernel32.dll
0x75020000 - 0x7506b000 	C:\Windows\system32\KERNELBASE.dll
0x75510000 - 0x755b0000 	C:\Windows\system32\ADVAPI32.dll
0x77090000 - 0x7713c000 	C:\Windows\system32\msvcrt.dll
0x754f0000 - 0x75509000 	C:\Windows\SYSTEM32\sechost.dll
0x76690000 - 0x76732000 	C:\Windows\system32\RPCRT4.dll
0x75420000 - 0x754e9000 	C:\Windows\system32\USER32.dll
0x77450000 - 0x7749e000 	C:\Windows\system32\GDI32.dll
0x755b0000 - 0x755ba000 	C:\Windows\system32\LPK.dll
0x771d0000 - 0x7726d000 	C:\Windows\system32\USP10.dll
0x73da0000 - 0x73f3e000 	C:\Windows\WinSxS\x86_microsoft.windows.common-controls_6595b64144ccf1df_6.0.7601.17514_none_41e6975e2bd6f2b2\COMCTL32.dll
0x75370000 - 0x753c7000 	C:\Windows\system32\SHLWAPI.dll
0x77430000 - 0x7744f000 	C:\Windows\system32\IMM32.DLL
0x75970000 - 0x75a3c000 	C:\Windows\system32\MSCTF.dll
0x5ec30000 - 0x5ecee000 	C:\Program Files\Java\jre7\bin\msvcr100.dll
0x5dc70000 - 0x5dfb2000 	C:\Program Files\Java\jre7\bin\client\jvm.dll
0x6edf0000 - 0x6edf7000 	C:\Windows\system32\WSOCK32.dll
0x767c0000 - 0x767f5000 	C:\Windows\system32\WS2_32.dll
0x773b0000 - 0x773b6000 	C:\Windows\system32\NSI.dll
0x75220000 - 0x75252000 	C:\Windows\system32\WINMM.dll
0x773c0000 - 0x773c5000 	C:\Windows\system32\PSAPI.DLL
0x6e700000 - 0x6e70c000 	C:\Program Files\Java\jre7\bin\verify.dll
0x6b1a0000 - 0x6b1c0000 	C:\Program Files\Java\jre7\bin\java.dll
0x662e0000 - 0x6630a000 	C:\Program Files\Java\jre7\bin\jdwp.dll
0x690a0000 - 0x690a7000 	C:\Program Files\Java\jre7\bin\npt.dll
0x6b6f0000 - 0x6b703000 	C:\Program Files\Java\jre7\bin\zip.dll
0x700c0000 - 0x701ab000 	C:\Windows\system32\dbghelp.dll

VM Arguments:
jvm_args: -agentlib:jdwp=transport=dt_socket,suspend=y,address=localhost:54005 -Dfile.encoding=GBK -Xbootclasspath:C:\Program Files\Android\adt-bundle-windows-x86-20130522\sdk\platforms\android-19\android.jar 
java_command: com.lucas.shakepicture.SwingList
Launcher Type: SUN_STANDARD

Environment Variables:
PATH=C:/Program Files/Java/jre7/bin/client;C:/Program Files/Java/jre7/bin;C:/Program Files/Java/jre7/lib/i386;C:\Program Files\NVIDIA Corporation\PhysX\Common;D:\python\;C:\Windows\system32;C:\Windows;C:\Windows\System32\Wbem;C:\Windows\System32\WindowsPowerShell\v1.0\;C:\Program Files\Intel\OpenCL SDK\2.0\bin\x86;C:\Program Files\Android\adt-bundle-windows-x86-20130522\sdk\platform-tools;D:\AndroidTools;C:\Program Files\Android\adt-bundle-windows-x86-20130522\eclipse;
USERNAME=Lucas
OS=Windows_NT
PROCESSOR_IDENTIFIER=x86 Family 6 Model 42 Stepping 7, GenuineIntel



---------------  S Y S T E M  ---------------

OS: Windows 7 Build 7601 Service Pack 1

CPU:total 2 (2 cores per cpu, 1 threads per core) family 6 model 42 stepping 7, cmov, cx8, fxsr, mmx, sse, sse2, sse3, ssse3, sse4.1, sse4.2, popcnt, tsc, tscinvbit

Memory: 4k page, physical 3552312k(1381484k free), swap 7102872k(4538256k free)

vm_info: Java HotSpot(TM) Client VM (23.25-b01) for windows-x86 JRE (1.7.0_25-b17), built on Jun 21 2013 13:06:48 by "java_re" with unknown MS VC++:1600

time: Fri Sep 05 14:53:15 2014
elapsed time: 0 seconds

