#
# A fatal error has been detected by the Java Runtime Environment:
#
#  Internal Error (javaClasses.cpp:129), pid=576, tid=2264
#  fatal error: Invalid layout of preloaded class
#
# JRE version: 7.0_25-b17
# Java VM: Java HotSpot(TM) Client VM (23.25-b01 mixed mode windows-x86 )
# Failed to write core dump. Minidumps are not enabled by default on client versions of Windows
#
# If you would like to submit a bug report, please visit:
#   http://bugreport.sun.com/bugreport/crash.jsp
#

---------------  T H R E A D  ---------------

Current thread (0x0068a800):  JavaThread "Unknown thread" [_thread_in_vm, id=2264, stack(0x001a0000,0x001f0000)]

Stack: [0x001a0000,0x001f0000],  sp=0x001ef580,  free space=317k
Native frames: (J=compiled Java code, j=interpreted, Vv=VM code, C=native code)
V  [jvm.dll+0x167e31]
V  [jvm.dll+0x1620f6]
V  [jvm.dll+0x1f92f]
V  [jvm.dll+0x1f9b6]
V  [jvm.dll+0x2cffd]
V  [jvm.dll+0x2d2a9]
V  [jvm.dll+0x75351]
V  [jvm.dll+0x7570b]
V  [jvm.dll+0x123881]
V  [jvm.dll+0x1439cc]
V  [jvm.dll+0xa619f]
C  [javaw.exe+0x13ca]
C  [javaw.exe+0x1e3c]
C  [javaw.exe+0xa5b1]
C  [javaw.exe+0xa63b]
C  [kernel32.dll+0x4ed5c]  BaseThreadInitThunk+0x12
C  [ntdll.dll+0x6377b]  RtlInitializeExceptionChain+0xef
C  [ntdll.dll+0x6374e]  RtlInitializeExceptionChain+0xc2


---------------  P R O C E S S  ---------------

Java Threads: ( => current thread )

Other Threads:

=>0x0068a800 (exited) JavaThread "Unknown thread" [_thread_in_vm, id=2264, stack(0x001a0000,0x001f0000)]

VM state:not at safepoint (not fully initialized)

VM Mutex/Monitor currently owned by a thread: None

GC Heap History (0 events):
No events

Deoptimization events (0 events):
No events

Internal exceptions (0 events):
No events

Events (10 events):
Event: 0.033 loading class 0x00556460 done
Event: 0.033 loading class 0x00555d60 done
Event: 0.033 loading class 0x00555d38
Event: 0.033 loading class 0x005cf6a8
Event: 0.033 loading class 0x005cf6a8 done
Event: 0.033 loading class 0x005cf6e0
Event: 0.033 loading class 0x005cf6e0 done
Event: 0.033 loading class 0x005c48d8
Event: 0.033 loading class 0x005c48d8 done
Event: 0.033 loading class 0x00555d38 done


Dynamic libraries:
0x00a10000 - 0x00a3f000 	C:\Program Files\Java\jre7\bin\javaw.exe
0x777d0000 - 0x7790c000 	C:\Windows\SYSTEM32\ntdll.dll
0x75a10000 - 0x75ae4000 	C:\Windows\system32\kernel32.dll
0x757e0000 - 0x7582b000 	C:\Windows\system32\KERNELBASE.dll
0x75cc0000 - 0x75d60000 	C:\Windows\system32\ADVAPI32.dll
0x75960000 - 0x75a0c000 	C:\Windows\system32\msvcrt.dll
0x779e0000 - 0x779f9000 	C:\Windows\SYSTEM32\sechost.dll
0x768e0000 - 0x76982000 	C:\Windows\system32\RPCRT4.dll
0x75fb0000 - 0x76079000 	C:\Windows\system32\USER32.dll
0x75f00000 - 0x75f4e000 	C:\Windows\system32\GDI32.dll
0x766f0000 - 0x766fa000 	C:\Windows\system32\LPK.dll
0x758c0000 - 0x7595d000 	C:\Windows\system32\USP10.dll
0x741e0000 - 0x7437e000 	C:\Windows\WinSxS\x86_microsoft.windows.common-controls_6595b64144ccf1df_6.0.7601.17514_none_41e6975e2bd6f2b2\COMCTL32.dll
0x769f0000 - 0x76a47000 	C:\Windows\system32\SHLWAPI.dll
0x75f90000 - 0x75faf000 	C:\Windows\system32\IMM32.DLL
0x77910000 - 0x779dc000 	C:\Windows\system32\MSCTF.dll
0x5e890000 - 0x5e94e000 	C:\Program Files\Java\jre7\bin\msvcr100.dll
0x6a090000 - 0x6a3d2000 	C:\Program Files\Java\jre7\bin\client\jvm.dll
0x73830000 - 0x73837000 	C:\Windows\system32\WSOCK32.dll
0x75f50000 - 0x75f85000 	C:\Windows\system32\WS2_32.dll
0x75cb0000 - 0x75cb6000 	C:\Windows\system32\NSI.dll
0x75570000 - 0x755a2000 	C:\Windows\system32\WINMM.dll
0x76310000 - 0x76315000 	C:\Windows\system32\PSAPI.DLL
0x738d0000 - 0x738dc000 	C:\Program Files\Java\jre7\bin\verify.dll
0x728c0000 - 0x728e0000 	C:\Program Files\Java\jre7\bin\java.dll
0x728a0000 - 0x728b3000 	C:\Program Files\Java\jre7\bin\zip.dll
0x704c0000 - 0x705ab000 	C:\Windows\system32\dbghelp.dll

VM Arguments:
jvm_args: -Dfile.encoding=GBK -Xbootclasspath:C:\Program Files\Android\adt-bundle-windows-x86-20130522\sdk\platforms\android-19\android.jar 
java_command: com.lucas.shakepicture.datastructure.SwingList
Launcher Type: SUN_STANDARD

Environment Variables:
PATH=C:/Program Files/Java/jre7/bin/client;C:/Program Files/Java/jre7/bin;C:/Program Files/Java/jre7/lib/i386;C:\Program Files\NVIDIA Corporation\PhysX\Common;D:\python\;C:\Windows\system32;C:\Windows;C:\Windows\System32\Wbem;C:\Windows\System32\WindowsPowerShell\v1.0\;C:\Program Files\Intel\OpenCL SDK\2.0\bin\x86;C:\Program Files\Android\adt-bundle-windows-x86-20130522\sdk\platform-tools;D:\AndroidTools;C:\Program Files\Android\adt-bundle-windows-x86-20130522\eclipse;
USERNAME=Lucas
OS=Windows_NT
PROCESSOR_IDENTIFIER=x86 Family 6 Model 42 Stepping 7, GenuineIntel



---------------  S Y S T E M  ---------------

OS: Windows 7 Build 7601 Service Pack 1

CPU:total 2 (2 cores per cpu, 1 threads per core) family 6 model 42 stepping 7, cmov, cx8, fxsr, mmx, sse, sse2, sse3, ssse3, sse4.1, sse4.2, popcnt, tsc, tscinvbit

Memory: 4k page, physical 3552312k(2090188k free), swap 7102872k(5546472k free)

vm_info: Java HotSpot(TM) Client VM (23.25-b01) for windows-x86 JRE (1.7.0_25-b17), built on Jun 21 2013 13:06:48 by "java_re" with unknown MS VC++:1600

time: Mon Sep 01 02:15:39 2014
elapsed time: 0 seconds

